{"/Users/julian/fec/Starkfront/client/src/components/Related/components/Comparison.jsx": {"path":"/Users/julian/fec/Starkfront/client/src/components/Related/components/Comparison.jsx","statementMap":{"0":{"start":{"line":6,"column":28},"end":{"line":14,"column":1}},"1":{"start":{"line":17,"column":2},"end":{"line":42,"column":13}}},"fnMap":{"0":{"name":"Comparison","decl":{"start":{"line":16,"column":9},"end":{"line":16,"column":19}},"loc":{"start":{"line":16,"column":57},"end":{"line":43,"column":1}},"line":16}},"branchMap":{"0":{"loc":{"start":{"line":17,"column":9},"end":{"line":42,"column":12}},"type":"cond-expr","locations":[{"start":{"line":18,"column":6},"end":{"line":42,"column":5}},{"start":{"line":42,"column":8},"end":{"line":42,"column":12}}],"line":17}},"s":{"0":1,"1":1},"f":{"0":1},"b":{"0":[0,1]},"_coverageSchema":"1a1c01bbd47fc00a2c39e90264f33305004495a9","hash":"e46ed8e3a5c243de4c6f1a4e21909ca8db5ccfda"}
,"/Users/julian/fec/Starkfront/client/src/components/Related/styles/Comparison.styled.js": {"path":"/Users/julian/fec/Starkfront/client/src/components/Related/styles/Comparison.styled.js","statementMap":{"0":{"start":{"line":3,"column":25},"end":{"line":13,"column":1}}},"fnMap":{},"branchMap":{},"s":{"0":1},"f":{},"b":{},"_coverageSchema":"1a1c01bbd47fc00a2c39e90264f33305004495a9","hash":"0bf2f68f4c315a231cd52fa75f9218fd00481dc1"}
}
