TN:
SF:client/src/components/Theme.jsx
FN:25,(anonymous_0)
FNF:1
FNH:1
FNDA:1,(anonymous_0)
DA:4,1
DA:25,1
DA:26,1
LF:3
LH:3
BRF:0
BRH:0
end_of_record
TN:
SF:client/src/components/Overview/Overview.jsx
FN:13,Overview
FNF:1
FNH:1
FNDA:2,Overview
DA:28,2
DA:29,2
DA:30,2
DA:67,0
DA:88,1
LF:5
LH:4
BRDA:29,0,0,2
BRDA:29,0,1,0
BRF:2
BRH:1
end_of_record
TN:
SF:client/src/components/Overview/components/AddToCart.jsx
FN:5,AddToCart
FN:8,(anonymous_1)
FN:13,(anonymous_2)
FN:18,(anonymous_3)
FN:33,(anonymous_4)
FN:34,(anonymous_5)
FNF:6
FNH:0
FNDA:0,AddToCart
FNDA:0,(anonymous_1)
FNDA:0,(anonymous_2)
FNDA:0,(anonymous_3)
FNDA:0,(anonymous_4)
FNDA:0,(anonymous_5)
DA:6,0
DA:8,0
DA:9,0
DA:10,0
DA:13,0
DA:14,0
DA:15,0
DA:18,0
DA:19,0
DA:20,0
DA:23,0
DA:34,0
LF:12
LH:0
BRDA:6,0,0,0
BRDA:6,0,1,0
BRF:2
BRH:0
end_of_record
TN:
SF:client/src/components/Overview/components/Carousel.jsx
FN:5,Carousel
FN:13,(anonymous_1)
FN:15,(anonymous_2)
FN:18,(anonymous_3)
FN:25,CarouselItem
FNF:5
FNH:0
FNDA:0,Carousel
FNDA:0,(anonymous_1)
FNDA:0,(anonymous_2)
FNDA:0,(anonymous_3)
FNDA:0,CarouselItem
DA:6,0
DA:7,0
DA:8,0
DA:13,0
DA:15,0
DA:18,0
DA:26,0
LF:7
LH:0
BRF:0
BRH:0
end_of_record
TN:
SF:client/src/components/Overview/components/ImageGallery.jsx
FN:5,ImageGallery
FN:8,(anonymous_1)
FN:18,(anonymous_2)
FN:32,(anonymous_3)
FN:37,(anonymous_4)
FN:51,ImageSelectorEntry
FN:53,(anonymous_6)
FNF:7
FNH:0
FNDA:0,ImageGallery
FNDA:0,(anonymous_1)
FNDA:0,(anonymous_2)
FNDA:0,(anonymous_3)
FNDA:0,(anonymous_4)
FNDA:0,ImageSelectorEntry
FNDA:0,(anonymous_6)
DA:6,0
DA:8,0
DA:9,0
DA:10,0
DA:11,0
DA:12,0
DA:15,0
DA:18,0
DA:19,0
DA:22,0
DA:32,0
DA:38,0
DA:52,0
DA:53,0
LF:14
LH:0
BRDA:9,0,0,0
BRDA:9,0,1,0
BRDA:11,1,0,0
BRDA:11,1,1,0
BRF:4
BRH:0
end_of_record
TN:
SF:client/src/components/Overview/components/ProductInformation.jsx
FN:6,ProductInformation
FN:46,(anonymous_1)
FNF:2
FNH:0
FNDA:0,ProductInformation
FNDA:0,(anonymous_1)
DA:7,0
DA:8,0
DA:9,0
DA:47,0
LF:4
LH:0
BRDA:13,0,0,0
BRDA:13,0,1,0
BRDA:28,1,0,0
BRDA:28,1,1,0
BRF:4
BRH:0
end_of_record
TN:
SF:client/src/components/Overview/components/Quantity.jsx
FN:4,Quantity
FN:5,(anonymous_1)
FN:5,(anonymous_2)
FNF:3
FNH:0
FNDA:0,Quantity
FNDA:0,(anonymous_1)
FNDA:0,(anonymous_2)
DA:5,0
DA:6,0
DA:7,0
DA:8,0
DA:9,0
DA:10,0
DA:11,0
DA:12,0
DA:17,0
LF:9
LH:0
BRDA:7,0,0,0
BRDA:7,0,1,0
BRDA:8,1,0,0
BRDA:8,1,1,0
BRDA:10,2,0,0
BRDA:10,2,1,0
BRF:6
BRH:0
end_of_record
TN:
SF:client/src/components/Overview/components/StyleSelector.jsx
FN:4,StyleSelector
FN:9,(anonymous_1)
FN:24,StyleSelectorEntry
FN:32,(anonymous_3)
FNF:4
FNH:0
FNDA:0,StyleSelector
FNDA:0,(anonymous_1)
FNDA:0,StyleSelectorEntry
FNDA:0,(anonymous_3)
DA:5,0
DA:10,0
DA:25,0
DA:26,0
DA:32,0
LF:5
LH:0
BRF:0
BRH:0
end_of_record
TN:
SF:client/src/components/Overview/components/styles/AddToCart.styled.js
FN:5,(anonymous_0)
FN:32,(anonymous_1)
FN:49,(anonymous_2)
FN:55,(anonymous_3)
FN:63,(anonymous_4)
FNF:5
FNH:0
FNDA:0,(anonymous_0)
FNDA:0,(anonymous_1)
FNDA:0,(anonymous_2)
FNDA:0,(anonymous_3)
FNDA:0,(anonymous_4)
DA:3,1
DA:5,0
DA:14,1
DA:25,1
DA:32,0
DA:36,1
DA:42,1
DA:49,0
DA:53,1
DA:55,0
DA:63,0
DA:67,1
DA:72,1
DA:76,1
LF:14
LH:9
BRF:0
BRH:0
end_of_record
TN:
SF:client/src/components/Overview/components/styles/ImageGallery.styled.js
FN:5,(anonymous_0)
FNF:1
FNH:0
FNDA:0,(anonymous_0)
DA:3,1
DA:5,0
DA:13,1
DA:18,1
DA:26,1
DA:36,1
DA:44,1
DA:48,1
LF:8
LH:7
BRF:0
BRH:0
end_of_record
TN:
SF:client/src/components/Overview/components/styles/ProductInformation.styled.js
FN:25,(anonymous_0)
FN:31,(anonymous_1)
FN:38,(anonymous_2)
FN:54,(anonymous_3)
FNF:4
FNH:0
FNDA:0,(anonymous_0)
FNDA:0,(anonymous_1)
FNDA:0,(anonymous_2)
FNDA:0,(anonymous_3)
DA:3,1
DA:8,1
DA:20,1
DA:25,0
DA:30,1
DA:31,0
DA:36,1
DA:38,0
DA:46,1
DA:53,1
DA:54,0
DA:58,1
DA:63,1
LF:13
LH:9
BRF:0
BRH:0
end_of_record
TN:
SF:client/src/components/Overview/components/styles/StyleSelector.styled.js
FN:41,(anonymous_0)
FN:64,(anonymous_1)
FNF:2
FNH:0
FNDA:0,(anonymous_0)
FNDA:0,(anonymous_1)
DA:3,1
DA:10,1
DA:15,1
DA:23,1
DA:29,1
DA:41,0
DA:46,1
DA:64,0
LF:8
LH:6
BRDA:41,0,0,0
BRDA:41,0,1,0
BRDA:64,1,0,0
BRDA:64,1,1,0
BRF:4
BRH:0
end_of_record
TN:
SF:client/src/components/Overview/components/styles/StyledCarousel.styled.js
FN:18,(anonymous_0)
FN:40,(anonymous_1)
FNF:2
FNH:0
FNDA:0,(anonymous_0)
FNDA:0,(anonymous_1)
DA:3,1
DA:9,1
DA:14,1
DA:18,0
DA:23,1
DA:30,1
DA:40,0
DA:45,1
DA:49,1
LF:9
LH:7
BRDA:40,0,0,0
BRDA:40,0,1,0
BRF:2
BRH:0
end_of_record
TN:
SF:client/src/components/Overview/styles/Overview.styled.js
FN:15,(anonymous_0)
FNF:1
FNH:0
FNDA:0,(anonymous_0)
DA:3,1
DA:9,1
DA:14,1
DA:15,0
DA:21,1
LF:5
LH:4
BRF:0
BRH:0
end_of_record
TN:
SF:client/src/components/QA/components/styles/Container.style.jsx
FN:4,(anonymous_0)
FN:6,(anonymous_1)
FNF:2
FNH:0
FNDA:0,(anonymous_0)
FNDA:0,(anonymous_1)
DA:3,1
DA:4,0
DA:6,0
LF:3
LH:1
BRF:0
BRH:0
end_of_record
TN:
SF:client/src/components/RR/RatingHelpers.js
FN:12,(anonymous_0)
FN:24,(anonymous_1)
FN:36,(anonymous_2)
FN:42,(anonymous_3)
FNF:4
FNH:0
FNDA:0,(anonymous_0)
FNDA:0,(anonymous_1)
FNDA:0,(anonymous_2)
FNDA:0,(anonymous_3)
DA:12,2
DA:13,0
DA:14,0
DA:16,0
DA:17,0
DA:18,0
DA:20,0
DA:24,2
DA:25,0
DA:26,0
DA:28,0
DA:29,0
DA:30,0
DA:32,0
DA:36,2
DA:37,0
DA:38,0
DA:39,0
DA:42,2
DA:43,0
DA:44,0
DA:45,0
DA:46,0
DA:47,0
DA:48,0
DA:54,2
LF:26
LH:5
BRF:0
BRH:0
end_of_record
TN:
SF:client/src/components/RR/RRstyles/ReviewBox.js
FNF:0
FNH:0
DA:3,1
LF:1
LH:1
BRF:0
BRH:0
end_of_record
TN:
SF:client/src/components/RR/RRstyles/ReviewHelpful.js
FNF:0
FNH:0
DA:3,1
LF:1
LH:1
BRF:0
BRH:0
end_of_record
TN:
SF:client/src/components/RR/RRstyles/ReviewReport.js
FNF:0
FNH:0
DA:3,1
LF:1
LH:1
BRF:0
BRH:0
end_of_record
TN:
SF:client/src/components/RR/RRstyles/ViewMoreBody.js
FNF:0
FNH:0
DA:3,1
LF:1
LH:1
BRF:0
BRH:0
end_of_record
TN:
SF:client/src/components/RR/components/Review.jsx
FN:15,Review
FN:29,(anonymous_1)
FN:32,(anonymous_2)
FN:37,(anonymous_3)
FN:42,(anonymous_4)
FN:44,(anonymous_5)
FN:48,(anonymous_6)
FN:53,(anonymous_7)
FN:87,(anonymous_8)
FNF:9
FNH:1
FNDA:2,Review
FNDA:0,(anonymous_1)
FNDA:0,(anonymous_2)
FNDA:0,(anonymous_3)
FNDA:0,(anonymous_4)
FNDA:0,(anonymous_5)
FNDA:0,(anonymous_6)
FNDA:0,(anonymous_7)
FNDA:0,(anonymous_8)
DA:13,1
DA:16,2
DA:17,2
DA:18,2
DA:20,2
DA:29,2
DA:30,0
DA:31,0
DA:33,0
DA:34,0
DA:35,0
DA:38,0
DA:42,2
DA:43,0
DA:45,0
DA:46,0
DA:49,0
DA:53,2
DA:54,0
DA:57,2
DA:87,0
LF:21
LH:9
BRDA:70,0,0,0
BRDA:70,0,1,0
BRDA:75,1,0,0
BRDA:75,1,1,0
BRDA:75,2,0,0
BRDA:75,2,1,0
BRDA:86,3,0,0
BRDA:86,3,1,0
BRDA:93,4,0,0
BRDA:93,4,1,0
BRDA:105,5,0,0
BRDA:105,5,1,0
BRF:12
BRH:0
end_of_record
TN:
SF:client/src/components/Related/components/Card.jsx
FN:10,Card
FN:14,(anonymous_1)
FN:18,(anonymous_2)
FN:24,(anonymous_3)
FN:42,(anonymous_4)
FNF:5
FNH:0
FNDA:0,Card
FNDA:0,(anonymous_1)
FNDA:0,(anonymous_2)
FNDA:0,(anonymous_3)
FNDA:0,(anonymous_4)
DA:11,0
DA:12,0
DA:14,0
DA:15,0
DA:18,0
DA:19,0
DA:20,0
DA:24,0
DA:25,0
DA:28,0
DA:43,0
DA:52,1
DA:60,1
LF:13
LH:2
BRDA:19,0,0,0
BRDA:19,0,1,0
BRF:2
BRH:0
end_of_record
TN:
SF:client/src/components/Related/components/CardInfo.jsx
FN:6,CardInfo
FN:7,(anonymous_1)
FNF:2
FNH:0
FNDA:0,CardInfo
FNDA:0,(anonymous_1)
DA:7,0
DA:8,0
DA:9,0
DA:11,0
DA:14,0
DA:42,1
DA:52,1
LF:7
LH:2
BRDA:8,0,0,0
BRDA:8,0,1,0
BRDA:19,1,0,0
BRDA:19,1,1,0
BRF:4
BRH:0
end_of_record
TN:
SF:client/src/components/Related/components/Comparison.jsx
FN:8,Comparison
FN:11,(anonymous_1)
FN:41,(anonymous_2)
FNF:3
FNH:1
FNDA:5,Comparison
FNDA:0,(anonymous_1)
FNDA:0,(anonymous_2)
DA:11,5
DA:12,0
DA:13,0
DA:14,0
DA:15,0
DA:16,0
DA:17,0
DA:19,0
DA:20,0
DA:21,0
DA:23,0
DA:26,5
DA:42,0
LF:13
LH:2
BRDA:26,0,0,4
BRDA:26,0,1,1
BRF:2
BRH:2
end_of_record
TN:
SF:client/src/components/Related/components/Related.jsx
FN:8,Related
FN:12,(anonymous_1)
FN:19,(anonymous_2)
FN:26,(anonymous_3)
FN:40,(anonymous_4)
FN:51,(anonymous_5)
FN:58,(anonymous_6)
FNF:7
FNH:3
FNDA:1,Related
FNDA:1,(anonymous_1)
FNDA:1,(anonymous_2)
FNDA:0,(anonymous_3)
FNDA:0,(anonymous_4)
FNDA:0,(anonymous_5)
FNDA:0,(anonymous_6)
DA:9,1
DA:10,1
DA:12,1
DA:13,1
DA:14,1
DA:16,0
DA:19,1
DA:20,1
DA:21,1
DA:23,0
DA:26,1
DA:27,0
DA:28,0
DA:29,0
DA:30,0
DA:31,0
DA:33,0
DA:36,1
DA:41,0
DA:51,0
DA:58,0
DA:66,1
DA:71,1
LF:23
LH:12
BRDA:13,0,0,1
BRDA:13,0,1,0
BRDA:20,1,0,1
BRDA:20,1,1,0
BRDA:28,2,0,0
BRDA:28,2,1,0
BRDA:30,3,0,0
BRDA:30,3,1,0
BRDA:48,4,0,1
BRDA:48,4,1,0
BRDA:55,5,0,1
BRDA:55,5,1,0
BRF:12
BRH:4
end_of_record
TN:
SF:client/src/components/Related/components/Table.jsx
FN:5,Table
FN:6,(anonymous_1)
FNF:2
FNH:0
FNDA:0,Table
FNDA:0,(anonymous_1)
DA:6,0
DA:7,0
DA:8,0
DA:9,0
DA:12,0
DA:15,0
DA:27,2
DA:33,2
LF:8
LH:2
BRDA:8,0,0,0
BRDA:8,0,1,0
BRDA:8,1,0,0
BRDA:8,1,1,0
BRDA:17,2,0,0
BRDA:17,2,1,0
BRDA:22,3,0,0
BRDA:22,3,1,0
BRF:8
BRH:0
end_of_record
TN:
SF:client/src/components/Related/styles/CardContainer.styled.js
FNF:0
FNH:0
DA:3,1
LF:1
LH:1
BRF:0
BRH:0
end_of_record
TN:
SF:client/src/components/Related/styles/CardInfoContainer.styled.js
FN:5,(anonymous_0)
FN:9,(anonymous_1)
FN:16,(anonymous_2)
FNF:3
FNH:0
FNDA:0,(anonymous_0)
FNDA:0,(anonymous_1)
FNDA:0,(anonymous_2)
DA:3,1
DA:5,0
DA:9,0
DA:16,0
LF:4
LH:1
BRF:0
BRH:0
end_of_record
TN:
SF:client/src/components/Related/styles/Comparison.styled.js
FN:26,(anonymous_0)
FN:69,(anonymous_1)
FNF:2
FNH:0
FNDA:0,(anonymous_0)
FNDA:0,(anonymous_1)
DA:3,2
DA:16,2
DA:26,0
DA:35,2
DA:69,0
LF:5
LH:3
BRF:0
BRH:0
end_of_record
TN:
SF:client/src/components/Related/styles/Image.styled.js
FNF:0
FNH:0
DA:3,1
DA:9,1
LF:2
LH:2
BRF:0
BRH:0
end_of_record
TN:
SF:client/src/components/Related/styles/RelatedContainer.styled.js
FN:6,(anonymous_0)
FN:14,(anonymous_1)
FNF:2
FNH:1
FNDA:1,(anonymous_0)
FNDA:0,(anonymous_1)
DA:3,1
DA:6,1
DA:11,1
DA:14,0
DA:19,1
LF:5
LH:4
BRF:0
BRH:0
end_of_record
TN:
SF:client/src/components/Related/styles/StyledButtons.styled.js
FNF:0
FNH:0
DA:3,2
DA:20,2
DA:37,2
DA:52,2
DA:63,2
LF:5
LH:5
BRF:0
BRH:0
end_of_record
